# JRE version: Java(TM) SE Runtime Environment (25.0.1+8) (build 25.0.1+8-LTS-27)
# Java VM: Java HotSpot(TM) 64-Bit Server VM (25.0.1+8-LTS-27, mixed mode, sharing, tiered, compressed oops, compressed class ptrs, g1 gc, windows-amd64)
GC Precious Log:
 CardTable entry size: 512
 Card Set container configuration: InlinePtr #cards 4 size 8 Array Of Cards #cards 16 size 48 Howl #buckets 8 coarsen threshold 3686 Howl Bitmap #cards 512 size 80 coarsen threshold 460 Card regions per heap region 1 cards per card region 4096
 CPUs: 16 total, 16 available
 Memory: 15720M
 Large Page Support: Disabled
 NUMA Support: Disabled
 Compressed Oops: Enabled (Zero based)
 Heap Region Size: 2M
 Heap Min Capacity: 8M
 Heap Initial Capacity: 246M
 Heap Max Capacity: 3932M
 Pre-touch: Disabled
 Parallel Workers: 13
 Concurrent Workers: 3
 Concurrent Refinement Workers: 13
 Periodic GC: Disabled
Heap:
 garbage-first heap   total reserved 4026368K, committed 143360K, used 59709K [0x000000070a400000, 0x0000000800000000)
  region size 2048K, 8 young (16384K), 5 survivors (10240K)
GC Heap Usage History (20 events):
Event: 2440.021 {heap Before GC invocations=75 (full 6):
 garbage-first heap   total reserved 4026368K, committed 139264K, used 116779K [0x000000070a400000, 0x0000000800000000)
  region size 2048K, 31 young (63488K), 2 survivors (4096K)
}
Event: 2440.023 {heap After GC invocations=76 (full 6):
 garbage-first heap   total reserved 4026368K, committed 139264K, used 57018K [0x000000070a400000, 0x0000000800000000)
  region size 2048K, 1 young (2048K), 1 survivors (2048K)
}
Event: 2502.257 {heap Before GC invocations=77 (full 6):
 garbage-first heap   total reserved 4026368K, committed 139264K, used 122554K [0x000000070a400000, 0x0000000800000000)
  region size 2048K, 33 young (67584K), 1 survivors (2048K)
}
Event: 2502.259 {heap After GC invocations=78 (full 6):
 garbage-first heap   total reserved 4026368K, committed 139264K, used 56948K [0x000000070a400000, 0x0000000800000000)
  region size 2048K, 1 young (2048K), 1 survivors (2048K)
}
Event: 2566.793 {heap Before GC invocations=78 (full 6):
 garbage-first heap   total reserved 4026368K, committed 139264K, used 124532K [0x000000070a400000, 0x0000000800000000)
  region size 2048K, 34 young (69632K), 1 survivors (2048K)
}
Event: 2566.795 {heap After GC invocations=79 (full 6):
 garbage-first heap   total reserved 4026368K, committed 139264K, used 55256K [0x000000070a400000, 0x0000000800000000)
  region size 2048K, 1 young (2048K), 1 survivors (2048K)
}
Event: 2634.993 {heap Before GC invocations=79 (full 6):
 garbage-first heap   total reserved 4026368K, committed 139264K, used 126936K [0x000000070a400000, 0x0000000800000000)
  region size 2048K, 36 young (73728K), 1 survivors (2048K)
}
Event: 2634.995 {heap After GC invocations=80 (full 6):
 garbage-first heap   total reserved 4026368K, committed 139264K, used 55145K [0x000000070a400000, 0x0000000800000000)
  region size 2048K, 1 young (2048K), 1 survivors (2048K)
}
Event: 2705.004 {heap Before GC invocations=81 (full 6):
 garbage-first heap   total reserved 4026368K, committed 139264K, used 128873K [0x000000070a400000, 0x0000000800000000)
  region size 2048K, 37 young (75776K), 1 survivors (2048K)
}
Event: 2705.005 {heap After GC invocations=82 (full 6):
 garbage-first heap   total reserved 4026368K, committed 139264K, used 55099K [0x000000070a400000, 0x0000000800000000)
  region size 2048K, 1 young (2048K), 1 survivors (2048K)
}
Event: 2775.571 {heap Before GC invocations=82 (full 6):
 garbage-first heap   total reserved 4026368K, committed 139264K, used 128827K [0x000000070a400000, 0x0000000800000000)
  region size 2048K, 37 young (75776K), 1 survivors (2048K)
}
Event: 2775.573 {heap After GC invocations=83 (full 6):
 garbage-first heap   total reserved 4026368K, committed 139264K, used 54121K [0x000000070a400000, 0x0000000800000000)
  region size 2048K, 1 young (2048K), 1 survivors (2048K)
}
Event: 2847.494 {heap Before GC invocations=83 (full 6):
 garbage-first heap   total reserved 4026368K, committed 139264K, used 129897K [0x000000070a400000, 0x0000000800000000)
  region size 2048K, 38 young (77824K), 1 survivors (2048K)
}
Event: 2847.497 {heap After GC invocations=84 (full 6):
 garbage-first heap   total reserved 4026368K, committed 139264K, used 54213K [0x000000070a400000, 0x0000000800000000)
  region size 2048K, 1 young (2048K), 1 survivors (2048K)
}
Event: 2919.225 {heap Before GC invocations=85 (full 6):
 garbage-first heap   total reserved 4026368K, committed 139264K, used 129989K [0x000000070a400000, 0x0000000800000000)
  region size 2048K, 38 young (77824K), 1 survivors (2048K)
}
Event: 2919.227 {heap After GC invocations=86 (full 6):
 garbage-first heap   total reserved 4026368K, committed 139264K, used 54120K [0x000000070a400000, 0x0000000800000000)
  region size 2048K, 1 young (2048K), 1 survivors (2048K)
}
Event: 2983.926 {heap Before GC invocations=86 (full 6):
 garbage-first heap   total reserved 4026368K, committed 139264K, used 123752K [0x000000070a400000, 0x0000000800000000)
  region size 2048K, 36 young (73728K), 1 survivors (2048K)
}
Event: 2984.023 {heap After GC invocations=87 (full 7):
 garbage-first heap   total reserved 4026368K, committed 139264K, used 45364K [0x000000070a400000, 0x0000000800000000)
  region size 2048K, 0 young (0K), 0 survivors (0K)
}
Event: 2985.567 {heap Before GC invocations=87 (full 7):
 garbage-first heap   total reserved 4026368K, committed 139264K, used 125236K [0x000000070a400000, 0x0000000800000000)
  region size 2048K, 40 young (81920K), 0 survivors (0K)
}
Event: 2985.572 {heap After GC invocations=88 (full 7):
 garbage-first heap   total reserved 4026368K, committed 143360K, used 55613K [0x000000070a400000, 0x0000000800000000)
  region size 2048K, 5 young (10240K), 5 survivors (10240K)
}

